
> @ watch /home/ec2-user/environment/mynews
> npm run development -- --watch


> @ development /home/ec2-user/environment/mynews
> cross-env NODE_ENV=development node_modules/webpack/bin/webpack.js --progress --hide-modules --config=node_modules/laravel-mix/setup/webpack.config.js "--watch"

<s> [webpack.Progress] 0% compiling
<s> [webpack.Progress] 10% building 0/0 modules 0 active 
<s> [webpack.Progress] 10% building 0/1 modules 1 active multi /home/ec2-user/environment/mynews/resources/js/app.js /home/ec2-user/environment/mynews/resources/sass/app.scss /home/ec2-user/environment/mynews/resources/sass/admin.scss /home/ec2-user/environment/mynews/resources/sass/profile.scss /home/ec2-user/environment/mynews/resources/sass/front.scss
<s> [webpack.Progress] 10% building 1/1 modules 0 active 

webpack is watching the files…

<s> [webpack.Progress] 10% building 1/2 modules 1 active /home/ec2-user/environment/mynews/node_modules/babel-loader/lib/index.js??ref--4-0!/home/ec2-user/environment/mynews/resources/js/app.js
<s> [webpack.Progress] 10% building 1/3 modules 2 active /home/ec2-user/environment/mynews/node_modules/extract-text-webpack-plugin/dist/loader.js??ref--5-0!/home/ec2-user/environment/mynews/node_modules/style-loader/index.js!/home/ec2-user/environment/mynews/node_modules/css-loader/index.js??ref--5-2!/home/ec2-user/environment/mynews/node_modules/postcss-loader/src/index.js??postcss0!/home/ec2-user/environment/mynews/node_modules/resolve-url-loader/index.js??ref--5-4!/home/ec2-user/environment/mynews/node_modules/sass-loader/dist/cjs.js??ref--5-5!/home/ec2-user/environment/mynews/resources/sass/app.scss
<s> [webpack.Progress] 10% building 2/3 modules 1 active /home/ec2-user/environment/mynews/node_modules/babel-loader/lib/index.js??ref--4-0!/home/ec2-user/environment/mynews/resources/js/app.js
<s> [webpack.Progress] 10% building 2/4 modules 2 active /home/ec2-user/environment/mynews/node_modules/extract-text-webpack-plugin/dist/loader.js??ref--6-0!/home/ec2-user/environment/mynews/node_modules/style-loader/index.js!/home/ec2-user/environment/mynews/node_modules/css-loader/index.js??ref--6-2!/home/ec2-user/environment/mynews/node_modules/postcss-loader/src/index.js??postcss1!/home/ec2-user/environment/mynews/node_modules/resolve-url-loader/index.js??ref--6-4!/home/ec2-user/environment/mynews/node_modules/sass-loader/dist/cjs.js??ref--6-5!/home/ec2-user/environment/mynews/resources/sass/admin.scss
<s> [webpack.Progress] 10% building 3/4 modules 1 active /home/ec2-user/environment/mynews/node_modules/babel-loader/lib/index.js??ref--4-0!/home/ec2-user/environment/mynews/resources/js/app.js
<s> [webpack.Progress] 10% building 3/5 modules 2 active /home/ec2-user/environment/mynews/node_modules/extract-text-webpack-plugin/dist/loader.js??ref--8-0!/home/ec2-user/environment/mynews/node_modules/style-loader/index.js!/home/ec2-user/environment/mynews/node_modules/css-loader/index.js??ref--8-2!/home/ec2-user/environment/mynews/node_modules/postcss-loader/src/index.js??postcss3!/home/ec2-user/environment/mynews/node_modules/resolve-url-loader/index.js??ref--8-4!/home/ec2-user/environment/mynews/node_modules/sass-loader/dist/cjs.js??ref--8-5!/home/ec2-user/environment/mynews/resources/sass/front.scss
<s> [webpack.Progress] 10% building 4/5 modules 1 active /home/ec2-user/environment/mynews/node_modules/babel-loader/lib/index.js??ref--4-0!/home/ec2-user/environment/mynews/resources/js/app.js
<s> [webpack.Progress] 10% building 4/6 modules 2 active /home/ec2-user/environment/mynews/node_modules/css-loader/index.js??ref--5-2!/home/ec2-user/environment/mynews/node_modules/postcss-loader/src/index.js??postcss0!/home/ec2-user/environment/mynews/node_modules/resolve-url-loader/index.js??ref--5-4!/home/ec2-user/environment/mynews/node_modules/sass-loader/dist/cjs.js??ref--5-5!/home/ec2-user/environment/mynews/resources/sass/app.scss
<s> [webpack.Progress] 10% building 4/7 modules 3 active /home/ec2-user/environment/mynews/node_modules/css-loader/index.js??ref--6-2!/home/ec2-user/environment/mynews/node_modules/postcss-loader/src/index.js??postcss1!/home/ec2-user/environment/mynews/node_modules/resolve-url-loader/index.js??ref--6-4!/home/ec2-user/environment/mynews/node_modules/sass-loader/dist/cjs.js??ref--6-5!/home/ec2-user/environment/mynews/resources/sass/admin.scss
<s> [webpack.Progress] 10% building 4/8 modules 4 active /home/ec2-user/environment/mynews/node_modules/css-loader/index.js??ref--8-2!/home/ec2-user/environment/mynews/node_modules/postcss-loader/src/index.js??postcss3!/home/ec2-user/environment/mynews/node_modules/resolve-url-loader/index.js??ref--8-4!/home/ec2-user/environment/mynews/node_modules/sass-loader/dist/cjs.js??ref--8-5!/home/ec2-user/environment/mynews/resources/sass/front.scss
<s> [webpack.Progress] 10% building 4/9 modules 5 active /home/ec2-user/environment/mynews/node_modules/style-loader/lib/addStyles.js
<s> [webpack.Progress] 10% building 5/9 modules 4 active /home/ec2-user/environment/mynews/node_modules/style-loader/lib/addStyles.js
<s> [webpack.Progress] 10% building 6/9 modules 3 active /home/ec2-user/environment/mynews/node_modules/style-loader/lib/addStyles.js
<s> [webpack.Progress] 10% building 7/9 modules 2 active /home/ec2-user/environment/mynews/node_modules/css-loader/index.js??ref--5-2!/home/ec2-user/environment/mynews/node_modules/postcss-loader/src/index.js??postcss0!/home/ec2-user/environment/mynews/node_modules/resolve-url-loader/index.js??ref--5-4!/home/ec2-user/environment/mynews/node_modules/sass-loader/dist/cjs.js??ref--5-5!/home/ec2-user/environment/mynews/resources/sass/app.scss
<s> [webpack.Progress] 10% building 7/10 modules 3 active /home/ec2-user/environment/mynews/node_modules/css-loader/lib/css-base.js
<s> [webpack.Progress] 10% building 8/10 modules 2 active /home/ec2-user/environment/mynews/node_modules/css-loader/lib/css-base.js
<s> [webpack.Progress] 11% building 9/10 modules 1 active /home/ec2-user/environment/mynews/node_modules/css-loader/index.js??ref--5-2!/home/ec2-user/environment/mynews/node_modules/postcss-loader/src/index.js??postcss0!/home/ec2-user/environment/mynews/node_modules/resolve-url-loader/index.js??ref--5-4!/home/ec2-user/environment/mynews/node_modules/sass-loader/dist/cjs.js??ref--5-5!/home/ec2-user/environment/mynews/resources/sass/app.scss
<s> [webpack.Progress] 11% building 9/11 modules 2 active /home/ec2-user/environment/mynews/node_modules/style-loader/lib/urls.js
<s> [webpack.Progress] 11% building 9/12 modules 3 active /home/ec2-user/environment/mynews/node_modules/vue/dist/vue.common.js
<s> [webpack.Progress] 11% building 10/12 modules 2 active /home/ec2-user/environment/mynews/node_modules/vue/dist/vue.common.js
<s> [webpack.Progress] 11% building 10/13 modules 3 active /home/ec2-user/environment/mynews/node_modules/babel-loader/lib/index.js??ref--4-0!/home/ec2-user/environment/mynews/resources/js/bootstrap.js
<s> [webpack.Progress] 11% building 11/13 modules 2 active /home/ec2-user/environment/mynews/node_modules/babel-loader/lib/index.js??ref--4-0!/home/ec2-user/environment/mynews/resources/js/bootstrap.js
<s> [webpack.Progress] 11% building 11/14 modules 3 active /home/ec2-user/environment/mynews/node_modules/vue/dist/vue.common.dev.js
<s> [webpack.Progress] 11% building 11/15 modules 4 active /home/ec2-user/environment/mynews/node_modules/vue-loader/lib/index.js??vue-loader-options!/home/ec2-user/environment/mynews/resources/js/components/ExampleComponent.vue
<s> [webpack.Progress] 11% building 12/15 modules 3 active /home/ec2-user/environment/mynews/node_modules/vue-loader/lib/index.js??vue-loader-options!/home/ec2-user/environment/mynews/resources/js/components/ExampleComponent.vue
<s> [webpack.Progress] 11% building 13/15 modules 2 active /home/ec2-user/environment/mynews/node_modules/vue-loader/lib/index.js??vue-loader-options!/home/ec2-user/environment/mynews/resources/js/components/ExampleComponent.vue
<s> [webpack.Progress] 11% building 14/15 modules 1 active /home/ec2-user/environment/mynews/node_modules/css-loader/index.js??ref--5-2!/home/ec2-user/environment/mynews/node_modules/postcss-loader/src/index.js??postcss0!/home/ec2-user/environment/mynews/node_modules/resolve-url-loader/index.js??ref--5-4!/home/ec2-user/environment/mynews/node_modules/sass-loader/dist/cjs.js??ref--5-5!/home/ec2-user/environment/mynews/resources/sass/app.scss
<s> [webpack.Progress] 11% building 14/16 modules 2 active /home/ec2-user/environment/mynews/node_modules/vue-loader/lib/runtime/componentNormalizer.js
<s> [webpack.Progress] 11% building 14/17 modules 3 active /home/ec2-user/environment/mynews/node_modules/vue-loader/lib/loaders/pitcher.js??ref--4!/home/ec2-user/environment/mynews/node_modules/vue-loader/lib/index.js??vue-loader-options!/home/ec2-user/environment/mynews/resources/js/components/ExampleComponent.vue?vue&type=template&id=299e239e&
<s> [webpack.Progress] 11% building 15/17 modules 2 active /home/ec2-user/environment/mynews/node_modules/vue-loader/lib/runtime/componentNormalizer.js
<s> [webpack.Progress] 11% building 15/18 modules 3 active /home/ec2-user/environment/mynews/node_modules/vue-loader/lib/loaders/pitcher.js??ref--4!/home/ec2-user/environment/mynews/node_modules/babel-loader/lib/index.js??ref--4-0!/home/ec2-user/environment/mynews/node_modules/vue-loader/lib/index.js??vue-loader-options!/home/ec2-user/environment/mynews/resources/js/components/ExampleComponent.vue?vue&type=script&lang=js&
<s> [webpack.Progress] 11% building 16/18 modules 2 active /home/ec2-user/environment/mynews/node_modules/vue-loader/lib/runtime/componentNormalizer.js
<s> [webpack.Progress] 11% building 16/19 modules 3 active /home/ec2-user/environment/mynews/node_modules/babel-loader/lib/index.js??ref--4-0!/home/ec2-user/environment/mynews/node_modules/vue-loader/lib/index.js??vue-loader-options!/home/ec2-user/environment/mynews/resources/js/components/ExampleComponent.vue?vue&type=script&lang=js&
<s> [webpack.Progress] 11% building 16/20 modules 4 active /home/ec2-user/environment/mynews/node_modules/timers-browserify/main.js
<s> [webpack.Progress] 11% building 16/21 modules 5 active /home/ec2-user/environment/mynews/node_modules/webpack/buildin/global.js
<s> [webpack.Progress] 11% building 16/22 modules 6 active /home/ec2-user/environment/mynews/node_modules/vue-loader/lib/loaders/templateLoader.js??vue-loader-options!/home/ec2-user/environment/mynews/node_modules/vue-loader/lib/index.js??vue-loader-options!/home/ec2-user/environment/mynews/resources/js/components/ExampleComponent.vue?vue&type=template&id=299e239e&
<s> [webpack.Progress] 12% building 17/22 modules 5 active /home/ec2-user/environment/mynews/node_modules/webpack/buildin/global.js
<s> [webpack.Progress] 12% building 18/22 modules 4 active /home/ec2-user/environment/mynews/node_modules/webpack/buildin/global.js
<s> [webpack.Progress] 12% building 19/22 modules 3 active /home/ec2-user/environment/mynews/node_modules/webpack/buildin/global.js
<s> [webpack.Progress] 12% building 20/22 modules 2 active /home/ec2-user/environment/mynews/node_modules/babel-loader/lib/index.js??ref--4-0!/home/ec2-user/environment/mynews/node_modules/vue-loader/lib/index.js??vue-loader-options!/home/ec2-user/environment/mynews/resources/js/components/ExampleComponent.vue?vue&type=script&lang=js&
<s> [webpack.Progress] 12% building 21/22 modules 1 active /home/ec2-user/environment/mynews/node_modules/css-loader/index.js??ref--5-2!/home/ec2-user/environment/mynews/node_modules/postcss-loader/src/index.js??postcss0!/home/ec2-user/environment/mynews/node_modules/resolve-url-loader/index.js??ref--5-4!/home/ec2-user/environment/mynews/node_modules/sass-loader/dist/cjs.js??ref--5-5!/home/ec2-user/environment/mynews/resources/sass/app.scss
<s> [webpack.Progress] 12% building 21/23 modules 2 active /home/ec2-user/environment/mynews/node_modules/bootstrap/dist/js/bootstrap.js
<s> [webpack.Progress] 12% building 21/24 modules 3 active /home/ec2-user/environment/mynews/node_modules/lodash/lodash.js
<s> [webpack.Progress] 12% building 21/25 modules 4 active /home/ec2-user/environment/mynews/node_modules/axios/index.js
<s> [webpack.Progress] 12% building 21/26 modules 5 active /home/ec2-user/environment/mynews/node_modules/jquery/dist/jquery.js
<s> [webpack.Progress] 12% building 22/26 modules 4 active /home/ec2-user/environment/mynews/node_modules/jquery/dist/jquery.js
<s> [webpack.Progress] 12% building 22/27 modules 5 active /home/ec2-user/environment/mynews/node_modules/popper.js/dist/esm/popper.js
<s> [webpack.Progress] 12% building 23/27 modules 4 active /home/ec2-user/environment/mynews/node_modules/popper.js/dist/esm/popper.js
<s> [webpack.Progress] 12% building 24/27 modules 3 active /home/ec2-user/environment/mynews/node_modules/popper.js/dist/esm/popper.js
<s> [webpack.Progress] 13% building 25/27 modules 2 active /home/ec2-user/environment/mynews/node_modules/popper.js/dist/esm/popper.js
<s> [webpack.Progress] 13% building 26/27 modules 1 active /home/ec2-user/environment/mynews/node_modules/css-loader/index.js??ref--5-2!/home/ec2-user/environment/mynews/node_modules/postcss-loader/src/index.js??postcss0!/home/ec2-user/environment/mynews/node_modules/resolve-url-loader/index.js??ref--5-4!/home/ec2-user/environment/mynews/node_modules/sass-loader/dist/cjs.js??ref--5-5!/home/ec2-user/environment/mynews/resources/sass/app.scss
<s> [webpack.Progress] 13% building 26/28 modules 2 active /home/ec2-user/environment/mynews/node_modules/webpack/buildin/module.js
<s> [webpack.Progress] 13% building 26/29 modules 3 active /home/ec2-user/environment/mynews/node_modules/setimmediate/setImmediate.js
<s> [webpack.Progress] 13% building 27/29 modules 2 active /home/ec2-user/environment/mynews/node_modules/setimmediate/setImmediate.js
<s> [webpack.Progress] 13% building 28/29 modules 1 active /home/ec2-user/environment/mynews/node_modules/css-loader/index.js??ref--5-2!/home/ec2-user/environment/mynews/node_modules/postcss-loader/src/index.js??postcss0!/home/ec2-user/environment/mynews/node_modules/resolve-url-loader/index.js??ref--5-4!/home/ec2-user/environment/mynews/node_modules/sass-loader/dist/cjs.js??ref--5-5!/home/ec2-user/environment/mynews/resources/sass/app.scss
<s> [webpack.Progress] 13% building 28/30 modules 2 active /home/ec2-user/environment/mynews/node_modules/axios/lib/axios.js
<s> [webpack.Progress] 13% building 29/30 modules 1 active /home/ec2-user/environment/mynews/node_modules/css-loader/index.js??ref--5-2!/home/ec2-user/environment/mynews/node_modules/postcss-loader/src/index.js??postcss0!/home/ec2-user/environment/mynews/node_modules/resolve-url-loader/index.js??ref--5-4!/home/ec2-user/environment/mynews/node_modules/sass-loader/dist/cjs.js??ref--5-5!/home/ec2-user/environment/mynews/resources/sass/app.scss
<s> [webpack.Progress] 13% building 29/31 modules 2 active /home/ec2-user/environment/mynews/node_modules/process/browser.js
<s> [webpack.Progress] 13% building 30/31 modules 1 active /home/ec2-user/environment/mynews/node_modules/css-loader/index.js??ref--5-2!/home/ec2-user/environment/mynews/node_modules/postcss-loader/src/index.js??postcss0!/home/ec2-user/environment/mynews/node_modules/resolve-url-loader/index.js??ref--5-4!/home/ec2-user/environment/mynews/node_modules/sass-loader/dist/cjs.js??ref--5-5!/home/ec2-user/environment/mynews/resources/sass/app.scss
DEPRECATION WARNING: Using / for division is deprecated and will be removed in Dart Sass 2.0.0.

Recommendation: math.div($spacer, 2)

More info and automated migrator: https://sass-lang.com/d/slash-div

    ╷
302 │ $headings-margin-bottom:      $spacer / 2 !default;
    │                               ^^^^^^^^^^^
    ╵
    node_modules/bootstrap/scss/_variables.scss 302:31  @import
    node_modules/bootstrap/scss/bootstrap.scss 9:9      @import
    stdin 9:9                                           root stylesheet

DEPRECATION WARNING: Using / for division is deprecated and will be removed in Dart Sass 2.0.0.

Recommendation: math.div($input-padding-y, 2)

More info and automated migrator: https://sass-lang.com/d/slash-div

    ╷
498 │ $input-height-inner-quarter:            add($input-line-height * .25em, $input-padding-y / 2) !default;
    │                                                                         ^^^^^^^^^^^^^^^^^^^^
    ╵
    node_modules/bootstrap/scss/_variables.scss 498:73  @import
    node_modules/bootstrap/scss/bootstrap.scss 9:9      @import
    stdin 9:9                                           root stylesheet

DEPRECATION WARNING: Using / for division is deprecated and will be removed in Dart Sass 2.0.0.

Recommendation: math.div($custom-control-indicator-size, 2)

More info and automated migrator: https://sass-lang.com/d/slash-div

    ╷
568 │ $custom-switch-indicator-border-radius:         $custom-control-indicator-size / 2 !default;
    │                                                 ^^^^^^^^^^^^^^^^^^^^^^^^^^^^^^^^^^
    ╵
    node_modules/bootstrap/scss/_variables.scss 568:49  @import
    node_modules/bootstrap/scss/bootstrap.scss 9:9      @import
    stdin 9:9                                           root stylesheet

DEPRECATION WARNING: Using / for division is deprecated and will be removed in Dart Sass 2.0.0.

Recommendation: math.div($spacer, 2)

More info and automated migrator: https://sass-lang.com/d/slash-div

    ╷
713 │ $nav-divider-margin-y:              $spacer / 2 !default;
    │                                     ^^^^^^^^^^^
    ╵
    node_modules/bootstrap/scss/_variables.scss 713:37  @import
    node_modules/bootstrap/scss/bootstrap.scss 9:9      @import
    stdin 9:9                                           root stylesheet

DEPRECATION WARNING: Using / for division is deprecated and will be removed in Dart Sass 2.0.0.

Recommendation: math.div($spacer, 2)

More info and automated migrator: https://sass-lang.com/d/slash-div

    ╷
718 │ $navbar-padding-y:                  $spacer / 2 !default;
    │                                     ^^^^^^^^^^^
    ╵
    node_modules/bootstrap/scss/_variables.scss 718:37  @import
    node_modules/bootstrap/scss/bootstrap.scss 9:9      @import
    stdin 9:9                                           root stylesheet

WARNING: 64 repetitive deprecation warnings omitted.

<s> [webpack.Progress] 13% building 31/31 modules 0 active 
<s> [webpack.Progress] 13% building 31/32 modules 1 active /home/ec2-user/environment/mynews/node_modules/axios/lib/utils.js
<s> [webpack.Progress] 13% building 31/33 modules 2 active /home/ec2-user/environment/mynews/node_modules/axios/lib/defaults.js
<s> [webpack.Progress] 13% building 31/34 modules 3 active /home/ec2-user/environment/mynews/node_modules/axios/lib/helpers/bind.js
<s> [webpack.Progress] 13% building 31/35 modules 4 active /home/ec2-user/environment/mynews/node_modules/axios/lib/helpers/spread.js
<s> [webpack.Progress] 13% building 31/36 modules 5 active /home/ec2-user/environment/mynews/node_modules/axios/lib/core/Axios.js
<s> [webpack.Progress] 13% building 31/37 modules 6 active /home/ec2-user/environment/mynews/node_modules/axios/lib/cancel/Cancel.js
<s> [webpack.Progress] 13% building 31/38 modules 7 active /home/ec2-user/environment/mynews/node_modules/axios/lib/cancel/CancelToken.js
<s> [webpack.Progress] 13% building 31/39 modules 8 active /home/ec2-user/environment/mynews/node_modules/axios/lib/cancel/isCancel.js
<s> [webpack.Progress] 13% building 32/39 modules 7 active /home/ec2-user/environment/mynews/node_modules/axios/lib/cancel/isCancel.js
<s> [webpack.Progress] 13% building 33/39 modules 6 active /home/ec2-user/environment/mynews/node_modules/axios/lib/cancel/isCancel.js
<s> [webpack.Progress] 14% building 34/39 modules 5 active /home/ec2-user/environment/mynews/node_modules/axios/lib/cancel/isCancel.js
<s> [webpack.Progress] 14% building 35/39 modules 4 active /home/ec2-user/environment/mynews/node_modules/axios/lib/cancel/isCancel.js
<s> [webpack.Progress] 14% building 36/39 modules 3 active /home/ec2-user/environment/mynews/node_modules/axios/lib/cancel/isCancel.js
<s> [webpack.Progress] 14% building 37/39 modules 2 active /home/ec2-user/environment/mynews/node_modules/axios/lib/cancel/isCancel.js
<s> [webpack.Progress] 14% building 38/39 modules 1 active /home/ec2-user/environment/mynews/node_modules/axios/lib/cancel/isCancel.js
<s> [webpack.Progress] 14% building 39/39 modules 0 active 
<s> [webpack.Progress] 14% building 39/40 modules 1 active /home/ec2-user/environment/mynews/node_modules/axios/lib/helpers/normalizeHeaderName.js
<s> [webpack.Progress] 14% building 39/41 modules 2 active /home/ec2-user/environment/mynews/node_modules/axios/lib/core/InterceptorManager.js
<s> [webpack.Progress] 14% building 39/42 modules 3 active /home/ec2-user/environment/mynews/node_modules/axios/lib/core/dispatchRequest.js
<s> [webpack.Progress] 14% building 39/43 modules 4 active /home/ec2-user/environment/mynews/node_modules/axios/lib/adapters/xhr.js
<s> [webpack.Progress] 14% building 40/43 modules 3 active /home/ec2-user/environment/mynews/node_modules/axios/lib/adapters/xhr.js
<s> [webpack.Progress] 14% building 41/43 modules 2 active /home/ec2-user/environment/mynews/node_modules/axios/lib/adapters/xhr.js
<s> [webpack.Progress] 15% building 42/43 modules 1 active /home/ec2-user/environment/mynews/node_modules/axios/lib/adapters/xhr.js
<s> [webpack.Progress] 15% building 43/43 modules 0 active 
<s> [webpack.Progress] 15% building 43/44 modules 1 active /home/ec2-user/environment/mynews/node_modules/is-buffer/index.js
<s> [webpack.Progress] 15% building 44/44 modules 0 active 
<s> [webpack.Progress] 15% building 44/45 modules 1 active /home/ec2-user/environment/mynews/node_modules/axios/lib/core/transformData.js
<s> [webpack.Progress] 15% building 44/46 modules 2 active /home/ec2-user/environment/mynews/node_modules/axios/lib/helpers/isAbsoluteURL.js
<s> [webpack.Progress] 15% building 44/47 modules 3 active /home/ec2-user/environment/mynews/node_modules/axios/lib/helpers/combineURLs.js
<s> [webpack.Progress] 15% building 44/48 modules 4 active /home/ec2-user/environment/mynews/node_modules/axios/lib/core/settle.js
<s> [webpack.Progress] 15% building 44/49 modules 5 active /home/ec2-user/environment/mynews/node_modules/axios/lib/helpers/buildURL.js
<s> [webpack.Progress] 15% building 44/50 modules 6 active /home/ec2-user/environment/mynews/node_modules/axios/lib/helpers/parseHeaders.js
<s> [webpack.Progress] 15% building 44/51 modules 7 active /home/ec2-user/environment/mynews/node_modules/axios/lib/helpers/isURLSameOrigin.js
<s> [webpack.Progress] 15% building 44/52 modules 8 active /home/ec2-user/environment/mynews/node_modules/axios/lib/core/createError.js
<s> [webpack.Progress] 15% building 44/53 modules 9 active /home/ec2-user/environment/mynews/node_modules/axios/lib/helpers/cookies.js
<s> [webpack.Progress] 15% building 45/53 modules 8 active /home/ec2-user/environment/mynews/node_modules/axios/lib/helpers/cookies.js
<s> [webpack.Progress] 15% building 46/53 modules 7 active /home/ec2-user/environment/mynews/node_modules/axios/lib/helpers/cookies.js
<s> [webpack.Progress] 15% building 47/53 modules 6 active /home/ec2-user/environment/mynews/node_modules/axios/lib/helpers/cookies.js
<s> [webpack.Progress] 15% building 48/53 modules 5 active /home/ec2-user/environment/mynews/node_modules/axios/lib/helpers/cookies.js
<s> [webpack.Progress] 15% building 49/53 modules 4 active /home/ec2-user/environment/mynews/node_modules/axios/lib/helpers/cookies.js
<s> [webpack.Progress] 16% building 50/53 modules 3 active /home/ec2-user/environment/mynews/node_modules/axios/lib/helpers/cookies.js
<s> [webpack.Progress] 16% building 51/53 modules 2 active /home/ec2-user/environment/mynews/node_modules/axios/lib/helpers/cookies.js
<s> [webpack.Progress] 16% building 52/53 modules 1 active /home/ec2-user/environment/mynews/node_modules/axios/lib/helpers/cookies.js
<s> [webpack.Progress] 16% building 53/53 modules 0 active 
<s> [webpack.Progress] 16% building 53/54 modules 1 active /home/ec2-user/environment/mynews/node_modules/axios/lib/core/enhanceError.js
<s> [webpack.Progress] 16% building 54/54 modules 0 active 
<s> [webpack.Progress] 70% building 54/54 modules 0 active 
<s> [webpack.Progress] 70% finish module graph
<s> [webpack.Progress] 70% finish module graph FlagDependencyExportsPlugin
<s> [webpack.Progress] 70% sealing
<s> [webpack.Progress] 70% sealing WarnCaseSensitiveModulesPlugin
<s> [webpack.Progress] 72% basic dependencies optimization
<s> [webpack.Progress] 72% dependencies optimization
<s> [webpack.Progress] 73% advanced dependencies optimization
<s> [webpack.Progress] 73% after dependencies optimization
<s> [webpack.Progress] 71% chunk graph
<s> [webpack.Progress] 71% after chunk graph
<s> [webpack.Progress] 71% after chunk graph WebAssemblyModulesPlugin
<s> [webpack.Progress] 74% optimizing
<s> [webpack.Progress] 74% basic module optimization
<s> [webpack.Progress] 75% module optimization
<s> [webpack.Progress] 75% advanced module optimization
<s> [webpack.Progress] 76% after module optimization
<s> [webpack.Progress] 76% basic chunk optimization
<s> [webpack.Progress] 76% basic chunk optimization EnsureChunkConditionsPlugin
<s> [webpack.Progress] 76% basic chunk optimization RemoveEmptyChunksPlugin
<s> [webpack.Progress] 76% basic chunk optimization MergeDuplicateChunksPlugin
<s> [webpack.Progress] 77% chunk optimization
<s> [webpack.Progress] 77% advanced chunk optimization
<s> [webpack.Progress] 77% advanced chunk optimization SplitChunksPlugin
<s> [webpack.Progress] 77% advanced chunk optimization RemoveEmptyChunksPlugin
<s> [webpack.Progress] 77% after chunk optimization
<s> [webpack.Progress] 78% module and chunk tree optimization
<s> [webpack.Progress] 78% module and chunk tree optimization ExtractTextPlugin
<s> [webpack.Progress] 70% building 54/55 modules 1 active /home/ec2-user/environment/mynews/node_modules/extract-text-webpack-plugin/dist/loader.js??ref--5-0!/home/ec2-user/environment/mynews/node_modules/style-loader/index.js!/home/ec2-user/environment/mynews/node_modules/css-loader/index.js??ref--5-2!/home/ec2-user/environment/mynews/node_modules/postcss-loader/src/index.js??postcss0!/home/ec2-user/environment/mynews/node_modules/resolve-url-loader/index.js??ref--5-4!/home/ec2-user/environment/mynews/node_modules/sass-loader/dist/cjs.js??ref--5-5!/home/ec2-user/environment/mynews/resources/sass/app.scss
DEPRECATION WARNING: Using / for division is deprecated and will be removed in Dart Sass 2.0.0.

Recommendation: math.div($spacer, 2)

More info and automated migrator: https://sass-lang.com/d/slash-div

    ╷
302 │ $headings-margin-bottom:      $spacer / 2 !default;
    │                               ^^^^^^^^^^^
    ╵
    node_modules/bootstrap/scss/_variables.scss 302:31  @import
    node_modules/bootstrap/scss/bootstrap.scss 9:9      @import
    stdin 9:9                                           root stylesheet

DEPRECATION WARNING: Using / for division is deprecated and will be removed in Dart Sass 2.0.0.

Recommendation: math.div($input-padding-y, 2)

More info and automated migrator: https://sass-lang.com/d/slash-div

    ╷
498 │ $input-height-inner-quarter:            add($input-line-height * .25em, $input-padding-y / 2) !default;
    │                                                                         ^^^^^^^^^^^^^^^^^^^^
    ╵
    node_modules/bootstrap/scss/_variables.scss 498:73  @import
    node_modules/bootstrap/scss/bootstrap.scss 9:9      @import
    stdin 9:9                                           root stylesheet

DEPRECATION WARNING: Using / for division is deprecated and will be removed in Dart Sass 2.0.0.

Recommendation: math.div($custom-control-indicator-size, 2)

More info and automated migrator: https://sass-lang.com/d/slash-div

    ╷
568 │ $custom-switch-indicator-border-radius:         $custom-control-indicator-size / 2 !default;
    │                                                 ^^^^^^^^^^^^^^^^^^^^^^^^^^^^^^^^^^
    ╵
    node_modules/bootstrap/scss/_variables.scss 568:49  @import
    node_modules/bootstrap/scss/bootstrap.scss 9:9      @import
    stdin 9:9                                           root stylesheet

DEPRECATION WARNING: Using / for division is deprecated and will be removed in Dart Sass 2.0.0.

Recommendation: math.div($spacer, 2)

More info and automated migrator: https://sass-lang.com/d/slash-div

    ╷
713 │ $nav-divider-margin-y:              $spacer / 2 !default;
    │                                     ^^^^^^^^^^^
    ╵
    node_modules/bootstrap/scss/_variables.scss 713:37  @import
    node_modules/bootstrap/scss/bootstrap.scss 9:9      @import
    stdin 9:9                                           root stylesheet

DEPRECATION WARNING: Using / for division is deprecated and will be removed in Dart Sass 2.0.0.

Recommendation: math.div($spacer, 2)

More info and automated migrator: https://sass-lang.com/d/slash-div

    ╷
718 │ $navbar-padding-y:                  $spacer / 2 !default;
    │                                     ^^^^^^^^^^^
    ╵
    node_modules/bootstrap/scss/_variables.scss 718:37  @import
    node_modules/bootstrap/scss/bootstrap.scss 9:9      @import
    stdin 9:9                                           root stylesheet

WARNING: 64 repetitive deprecation warnings omitted.

<s> [webpack.Progress] 70% building 55/55 modules 0 active 
<s> [webpack.Progress] 78% module and chunk tree optimization ExtractTextPlugin
<s> [webpack.Progress] 70% building 55/56 modules 1 active /home/ec2-user/environment/mynews/node_modules/extract-text-webpack-plugin/dist/loader.js??ref--6-0!/home/ec2-user/environment/mynews/node_modules/style-loader/index.js!/home/ec2-user/environment/mynews/node_modules/css-loader/index.js??ref--6-2!/home/ec2-user/environment/mynews/node_modules/postcss-loader/src/index.js??postcss1!/home/ec2-user/environment/mynews/node_modules/resolve-url-loader/index.js??ref--6-4!/home/ec2-user/environment/mynews/node_modules/sass-loader/dist/cjs.js??ref--6-5!/home/ec2-user/environment/mynews/resources/sass/admin.scss
<s> [webpack.Progress] 70% building 56/56 modules 0 active 
<s> [webpack.Progress] 78% module and chunk tree optimization ExtractTextPlugin
<s> [webpack.Progress] 78% module and chunk tree optimization ExtractTextPlugin
<s> [webpack.Progress] 70% building 56/57 modules 1 active /home/ec2-user/environment/mynews/node_modules/extract-text-webpack-plugin/dist/loader.js??ref--8-0!/home/ec2-user/environment/mynews/node_modules/style-loader/index.js!/home/ec2-user/environment/mynews/node_modules/css-loader/index.js??ref--8-2!/home/ec2-user/environment/mynews/node_modules/postcss-loader/src/index.js??postcss3!/home/ec2-user/environment/mynews/node_modules/resolve-url-loader/index.js??ref--8-4!/home/ec2-user/environment/mynews/node_modules/sass-loader/dist/cjs.js??ref--8-5!/home/ec2-user/environment/mynews/resources/sass/front.scss
<s> [webpack.Progress] 70% building 57/57 modules 0 active 
<s> [webpack.Progress] 78% after module and chunk tree optimization
<s> [webpack.Progress] 79% basic chunk modules optimization
<s> [webpack.Progress] 80% chunk modules optimization
<s> [webpack.Progress] 80% advanced chunk modules optimization
<s> [webpack.Progress] 81% after chunk modules optimization
<s> [webpack.Progress] 81% module reviving
<s> [webpack.Progress] 81% module reviving RecordIdsPlugin
<s> [webpack.Progress] 82% module order optimization
<s> [webpack.Progress] 82% advanced module order optimization
<s> [webpack.Progress] 83% before module ids
<s> [webpack.Progress] 83% before module ids NamedModulesPlugin
<s> [webpack.Progress] 83% module ids
<s> [webpack.Progress] 84% module id optimization
<s> [webpack.Progress] 84% module id optimization
<s> [webpack.Progress] 85% chunk reviving
<s> [webpack.Progress] 85% chunk reviving RecordIdsPlugin
<s> [webpack.Progress] 85% chunk order optimization
<s> [webpack.Progress] 85% chunk order optimization OccurrenceOrderChunkIdsPlugin
<s> [webpack.Progress] 86% before chunk ids
<s> [webpack.Progress] 86% before chunk ids NamedChunksPlugin
<s> [webpack.Progress] 86% chunk id optimization
<s> [webpack.Progress] 87% after chunk id optimization
<s> [webpack.Progress] 87% record modules
<s> [webpack.Progress] 87% record modules RecordIdsPlugin
<s> [webpack.Progress] 87% record chunks
<s> [webpack.Progress] 87% record chunks RecordIdsPlugin
<s> [webpack.Progress] 88% hashing
<s> [webpack.Progress] 88% after hashing
<s> [webpack.Progress] 89% record hash
<s> [webpack.Progress] 89% module assets processing
<s> [webpack.Progress] 90% chunk assets processing
<s> [webpack.Progress] 90% additional chunk assets processing
<s> [webpack.Progress] 91% recording
<s> [webpack.Progress] 92% additional asset processing
<s> [webpack.Progress] 92% additional asset processing ExtractTextPlugin
<s> [webpack.Progress] 92% additional asset processing ExtractTextPlugin
<s> [webpack.Progress] 92% additional asset processing ExtractTextPlugin
<s> [webpack.Progress] 92% additional asset processing ExtractTextPlugin
<s> [webpack.Progress] 92% chunk asset optimization
<s> [webpack.Progress] 93% after chunk asset optimization
<s> [webpack.Progress] 93% asset optimization
<s> [webpack.Progress] 94% after asset optimization
<s> [webpack.Progress] 94% after seal
<s> [webpack.Progress] 95% emitting
<s> [webpack.Progress] 95% emitting unnamed compat plugin
<s> [webpack.Progress] 98% after emitting
<s> [webpack.Progress] 98% after emitting SizeLimitsPlugin
 ERROR  Failed to compile with 1 errors09:18:17

This dependency was not found:

* /home/ec2-user/environment/mynews/resources/sass/profile.scss in multi ./resources/js/app.js ./resources/sass/app.scss ./resources/sass/admin.scss ./resources/sass/profile.scss ./resources/sass/front.scss

To install it, you can run: npm install --save /home/ec2-user/environment/mynews/resources/sass/profile.scss
<s> [webpack.Progress] 100% 

         Asset       Size   Chunks             Chunk Names
/css/admin.css  566 bytes  /js/app  [emitted]  /js/app
  /css/app.css    179 KiB  /js/app  [emitted]  /js/app
/css/front.css    0 bytes  /js/app  [emitted]  /js/app
    /js/app.js   1.41 MiB  /js/app  [emitted]  /js/app

ERROR in multi ./resources/js/app.js ./resources/sass/app.scss ./resources/sass/admin.scss ./resources/sass/profile.scss ./resources/sass/front.scss
Module not found: Error: Can't resolve '/home/ec2-user/environment/mynews/resources/sass/profile.scss' in '/home/ec2-user/environment/mynews'
 @ multi ./resources/js/app.js ./resources/sass/app.scss ./resources/sass/admin.scss ./resources/sass/profile.scss ./resources/sass/front.scss /js/app[3]
